[debug] [2026-04-08T17:18:25.409Z] ----------------------------------------------------------------------
[debug] [2026-04-08T17:18:25.412Z] Command:       C:\Program Files\nodejs\node.exe C:\Users\ARSHIN\AppData\Roaming\npm\node_modules\firebase-tools\lib\bin\firebase.js deploy
[debug] [2026-04-08T17:18:25.413Z] CLI Version:   15.13.0
[debug] [2026-04-08T17:18:25.413Z] Platform:      win32
[debug] [2026-04-08T17:18:25.413Z] Node Version:  v24.11.1
[debug] [2026-04-08T17:18:25.413Z] Time:          Wed Apr 08 2026 22:48:25 GMT+0530 (India Standard Time)
[debug] [2026-04-08T17:18:25.413Z] ----------------------------------------------------------------------
[debug] 
[debug] [2026-04-08T17:18:25.416Z] >>> [apiv2][query] GET https://firebase-public.firebaseio.com/cli.json [none]
[debug] [2026-04-08T17:18:27.418Z] > command requires scopes: ["email","openid","https://www.googleapis.com/auth/cloudplatformprojects.readonly","https://www.googleapis.com/auth/firebase","https://www.googleapis.com/auth/cloud-platform"]
[debug] [2026-04-08T17:18:27.418Z] > authorizing via signed-in user (navodyamlibraryamarakuni@gmail.com)
[debug] [2026-04-08T17:18:27.418Z] [iam] checking project navodaymlibrary for permissions ["firebase.projects.get","firebasehosting.sites.update"]
[debug] [2026-04-08T17:18:27.419Z] Checked if tokens are valid: false, expires at: 1775654311887
[debug] [2026-04-08T17:18:27.419Z] Checked if tokens are valid: false, expires at: 1775654311887
[debug] [2026-04-08T17:18:27.420Z] > refreshing access token with scopes: []
[debug] [2026-04-08T17:18:27.421Z] >>> [apiv2][query] POST https://www.googleapis.com/oauth2/v3/token [none]
[debug] [2026-04-08T17:18:27.421Z] >>> [apiv2][body] POST https://www.googleapis.com/oauth2/v3/token [omitted]
[debug] [2026-04-08T17:18:27.781Z] <<< [apiv2][status] POST https://www.googleapis.com/oauth2/v3/token 400
[debug] [2026-04-08T17:18:27.782Z] <<< [apiv2][body] POST https://www.googleapis.com/oauth2/v3/token [omitted]
[debug] [2026-04-08T17:18:27.782Z] >>> [apiv2][query] POST https://cloudresourcemanager.googleapis.com/v1/projects/navodaymlibrary:testIamPermissions [none]
[debug] [2026-04-08T17:18:27.782Z] >>> [apiv2][(partial)header] POST https://cloudresourcemanager.googleapis.com/v1/projects/navodaymlibrary:testIamPermissions  x-goog-user-project=navodaymlibrary
[debug] [2026-04-08T17:18:27.782Z] >>> [apiv2][body] POST https://cloudresourcemanager.googleapis.com/v1/projects/navodaymlibrary:testIamPermissions {"permissions":["firebase.projects.get","firebasehosting.sites.update"]}
[debug] [2026-04-08T17:18:28.256Z] <<< [apiv2][status] GET https://firebase-public.firebaseio.com/cli.json 200
[debug] [2026-04-08T17:18:28.257Z] <<< [apiv2][body] GET https://firebase-public.firebaseio.com/cli.json {"cloudBuildErrorAfter":1594252800000,"cloudBuildWarnAfter":1590019200000,"defaultNode10After":1594252800000,"minVersion":"3.0.5","node8DeploysDisabledAfter":1613390400000,"node8RuntimeDisabledAfter":1615809600000,"node8WarnAfter":1600128000000}
[debug] [2026-04-08T17:18:29.253Z] <<< [apiv2][status] POST https://cloudresourcemanager.googleapis.com/v1/projects/navodaymlibrary:testIamPermissions 401
[debug] [2026-04-08T17:18:29.253Z] <<< [apiv2][body] POST https://cloudresourcemanager.googleapis.com/v1/projects/navodaymlibrary:testIamPermissions {"error":{"code":401,"message":"Request had invalid authentication credentials. Expected OAuth 2 access token, login cookie or other valid authentication credential. See https://developers.google.com/identity/sign-in/web/devconsole-project.","status":"UNAUTHENTICATED","details":[{"@type":"type.googleapis.com/google.rpc.ErrorInfo","reason":"ACCESS_TOKEN_TYPE_UNSUPPORTED","metadata":{"method":"google.cloudresourcemanager.v1.Projects.TestIamPermissions","service":"cloudresourcemanager.googleapis.com"}}]}}
[debug] [2026-04-08T17:18:29.253Z] Got a 401 Unauthenticated error for a call that required authentication. Refreshing tokens.
[debug] [2026-04-08T17:18:29.253Z] Checked if tokens are valid: false, expires at: 1775654311887
[debug] [2026-04-08T17:18:29.253Z] Checked if tokens are valid: false, expires at: 1775654311887
[debug] [2026-04-08T17:18:29.253Z] > refreshing access token with scopes: []
[debug] [2026-04-08T17:18:29.254Z] >>> [apiv2][query] POST https://www.googleapis.com/oauth2/v3/token [none]
[debug] [2026-04-08T17:18:29.254Z] >>> [apiv2][body] POST https://www.googleapis.com/oauth2/v3/token [omitted]
[debug] [2026-04-08T17:18:29.411Z] <<< [apiv2][status] POST https://www.googleapis.com/oauth2/v3/token 400
[debug] [2026-04-08T17:18:29.411Z] <<< [apiv2][body] POST https://www.googleapis.com/oauth2/v3/token [omitted]
[debug] [2026-04-08T17:18:29.414Z] [iam] error while checking permissions, command may fail: Request to https://cloudresourcemanager.googleapis.com/v1/projects/navodaymlibrary:testIamPermissions had HTTP Error: 401, Request had invalid authentication credentials. Expected OAuth 2 access token, login cookie or other valid authentication credential. See https://developers.google.com/identity/sign-in/web/devconsole-project.
[debug] [2026-04-08T17:18:29.415Z] Checked if tokens are valid: false, expires at: 1775654311887
[debug] [2026-04-08T17:18:29.415Z] Checked if tokens are valid: false, expires at: 1775654311887
[debug] [2026-04-08T17:18:29.415Z] > refreshing access token with scopes: []
[debug] [2026-04-08T17:18:29.415Z] >>> [apiv2][query] POST https://www.googleapis.com/oauth2/v3/token [none]
[debug] [2026-04-08T17:18:29.415Z] >>> [apiv2][body] POST https://www.googleapis.com/oauth2/v3/token [omitted]
[debug] [2026-04-08T17:18:29.567Z] <<< [apiv2][status] POST https://www.googleapis.com/oauth2/v3/token 400
[debug] [2026-04-08T17:18:29.567Z] <<< [apiv2][body] POST https://www.googleapis.com/oauth2/v3/token [omitted]
[debug] [2026-04-08T17:18:29.568Z] >>> [apiv2][query] GET https://firebase.googleapis.com/v1beta1/projects/navodaymlibrary [none]
[debug] [2026-04-08T17:18:30.091Z] <<< [apiv2][status] GET https://firebase.googleapis.com/v1beta1/projects/navodaymlibrary 401
[debug] [2026-04-08T17:18:30.092Z] <<< [apiv2][body] GET https://firebase.googleapis.com/v1beta1/projects/navodaymlibrary {"error":{"code":401,"message":"Request had invalid authentication credentials. Expected OAuth 2 access token, login cookie or other valid authentication credential. See https://developers.google.com/identity/sign-in/web/devconsole-project.","status":"UNAUTHENTICATED"}}
[debug] [2026-04-08T17:18:30.092Z] Got a 401 Unauthenticated error for a call that required authentication. Refreshing tokens.
[debug] [2026-04-08T17:18:30.092Z] Checked if tokens are valid: false, expires at: 1775654311887
[debug] [2026-04-08T17:18:30.092Z] Checked if tokens are valid: false, expires at: 1775654311887
[debug] [2026-04-08T17:18:30.092Z] > refreshing access token with scopes: []
[debug] [2026-04-08T17:18:30.092Z] >>> [apiv2][query] POST https://www.googleapis.com/oauth2/v3/token [none]
[debug] [2026-04-08T17:18:30.092Z] >>> [apiv2][body] POST https://www.googleapis.com/oauth2/v3/token [omitted]
[debug] [2026-04-08T17:18:30.228Z] <<< [apiv2][status] POST https://www.googleapis.com/oauth2/v3/token 400
[debug] [2026-04-08T17:18:30.228Z] <<< [apiv2][body] POST https://www.googleapis.com/oauth2/v3/token [omitted]
[debug] [2026-04-08T17:18:30.229Z] Request to https://firebase.googleapis.com/v1beta1/projects/navodaymlibrary had HTTP Error: 401, Request had invalid authentication credentials. Expected OAuth 2 access token, login cookie or other valid authentication credential. See https://developers.google.com/identity/sign-in/web/devconsole-project.
[error] 
[error] Error: Assertion failed: resolving hosting target of a site with no site name or target name. This should have caused an error earlier
[debug] [2026-04-08T17:18:35.218Z] ----------------------------------------------------------------------
[debug] [2026-04-08T17:18:35.220Z] Command:       C:\Program Files\nodejs\node.exe C:\Users\ARSHIN\AppData\Roaming\npm\node_modules\firebase-tools\lib\bin\firebase.js deploy
[debug] [2026-04-08T17:18:35.221Z] CLI Version:   15.13.0
[debug] [2026-04-08T17:18:35.221Z] Platform:      win32
[debug] [2026-04-08T17:18:35.221Z] Node Version:  v24.11.1
[debug] [2026-04-08T17:18:35.221Z] Time:          Wed Apr 08 2026 22:48:35 GMT+0530 (India Standard Time)
[debug] [2026-04-08T17:18:35.221Z] ----------------------------------------------------------------------
[debug] 
[debug] [2026-04-08T17:18:36.631Z] > command requires scopes: ["email","openid","https://www.googleapis.com/auth/cloudplatformprojects.readonly","https://www.googleapis.com/auth/firebase","https://www.googleapis.com/auth/cloud-platform"]
[debug] [2026-04-08T17:18:36.631Z] > authorizing via signed-in user (navodyamlibraryamarakuni@gmail.com)
[debug] [2026-04-08T17:18:36.631Z] [iam] checking project navodaymlibrary for permissions ["firebase.projects.get","firebasehosting.sites.update"]
[debug] [2026-04-08T17:18:36.632Z] Checked if tokens are valid: false, expires at: 1775654311887
[debug] [2026-04-08T17:18:36.632Z] Checked if tokens are valid: false, expires at: 1775654311887
[debug] [2026-04-08T17:18:36.632Z] > refreshing access token with scopes: []
[debug] [2026-04-08T17:18:36.634Z] >>> [apiv2][query] POST https://www.googleapis.com/oauth2/v3/token [none]
[debug] [2026-04-08T17:18:36.634Z] >>> [apiv2][body] POST https://www.googleapis.com/oauth2/v3/token [omitted]
[debug] [2026-04-08T17:18:36.975Z] <<< [apiv2][status] POST https://www.googleapis.com/oauth2/v3/token 400
[debug] [2026-04-08T17:18:36.975Z] <<< [apiv2][body] POST https://www.googleapis.com/oauth2/v3/token [omitted]
[debug] [2026-04-08T17:18:36.976Z] >>> [apiv2][query] POST https://cloudresourcemanager.googleapis.com/v1/projects/navodaymlibrary:testIamPermissions [none]
[debug] [2026-04-08T17:18:36.976Z] >>> [apiv2][(partial)header] POST https://cloudresourcemanager.googleapis.com/v1/projects/navodaymlibrary:testIamPermissions  x-goog-user-project=navodaymlibrary
[debug] [2026-04-08T17:18:36.976Z] >>> [apiv2][body] POST https://cloudresourcemanager.googleapis.com/v1/projects/navodaymlibrary:testIamPermissions {"permissions":["firebase.projects.get","firebasehosting.sites.update"]}
[debug] [2026-04-08T17:18:38.395Z] <<< [apiv2][status] POST https://cloudresourcemanager.googleapis.com/v1/projects/navodaymlibrary:testIamPermissions 401
[debug] [2026-04-08T17:18:38.396Z] <<< [apiv2][body] POST https://cloudresourcemanager.googleapis.com/v1/projects/navodaymlibrary:testIamPermissions {"error":{"code":401,"message":"Request had invalid authentication credentials. Expected OAuth 2 access token, login cookie or other valid authentication credential. See https://developers.google.com/identity/sign-in/web/devconsole-project.","status":"UNAUTHENTICATED","details":[{"@type":"type.googleapis.com/google.rpc.ErrorInfo","reason":"ACCESS_TOKEN_TYPE_UNSUPPORTED","metadata":{"service":"cloudresourcemanager.googleapis.com","method":"google.cloudresourcemanager.v1.Projects.TestIamPermissions"}}]}}
[debug] [2026-04-08T17:18:38.396Z] Got a 401 Unauthenticated error for a call that required authentication. Refreshing tokens.
[debug] [2026-04-08T17:18:38.396Z] Checked if tokens are valid: false, expires at: 1775654311887
[debug] [2026-04-08T17:18:38.396Z] Checked if tokens are valid: false, expires at: 1775654311887
[debug] [2026-04-08T17:18:38.396Z] > refreshing access token with scopes: []
[debug] [2026-04-08T17:18:38.396Z] >>> [apiv2][query] POST https://www.googleapis.com/oauth2/v3/token [none]
[debug] [2026-04-08T17:18:38.397Z] >>> [apiv2][body] POST https://www.googleapis.com/oauth2/v3/token [omitted]
[debug] [2026-04-08T17:18:38.538Z] <<< [apiv2][status] POST https://www.googleapis.com/oauth2/v3/token 400
[debug] [2026-04-08T17:18:38.538Z] <<< [apiv2][body] POST https://www.googleapis.com/oauth2/v3/token [omitted]
[debug] [2026-04-08T17:18:38.540Z] [iam] error while checking permissions, command may fail: Request to https://cloudresourcemanager.googleapis.com/v1/projects/navodaymlibrary:testIamPermissions had HTTP Error: 401, Request had invalid authentication credentials. Expected OAuth 2 access token, login cookie or other valid authentication credential. See https://developers.google.com/identity/sign-in/web/devconsole-project.
[debug] [2026-04-08T17:18:38.541Z] Checked if tokens are valid: false, expires at: 1775654311887
[debug] [2026-04-08T17:18:38.541Z] Checked if tokens are valid: false, expires at: 1775654311887
[debug] [2026-04-08T17:18:38.541Z] > refreshing access token with scopes: []
[debug] [2026-04-08T17:18:38.541Z] >>> [apiv2][query] POST https://www.googleapis.com/oauth2/v3/token [none]
[debug] [2026-04-08T17:18:38.541Z] >>> [apiv2][body] POST https://www.googleapis.com/oauth2/v3/token [omitted]
[debug] [2026-04-08T17:18:38.679Z] <<< [apiv2][status] POST https://www.googleapis.com/oauth2/v3/token 400
[debug] [2026-04-08T17:18:38.680Z] <<< [apiv2][body] POST https://www.googleapis.com/oauth2/v3/token [omitted]
[debug] [2026-04-08T17:18:38.680Z] >>> [apiv2][query] GET https://firebase.googleapis.com/v1beta1/projects/navodaymlibrary [none]
[debug] [2026-04-08T17:18:39.013Z] <<< [apiv2][status] GET https://firebase.googleapis.com/v1beta1/projects/navodaymlibrary 401
[debug] [2026-04-08T17:18:39.013Z] <<< [apiv2][body] GET https://firebase.googleapis.com/v1beta1/projects/navodaymlibrary {"error":{"code":401,"message":"Request had invalid authentication credentials. Expected OAuth 2 access token, login cookie or other valid authentication credential. See https://developers.google.com/identity/sign-in/web/devconsole-project.","status":"UNAUTHENTICATED"}}
[debug] [2026-04-08T17:18:39.013Z] Got a 401 Unauthenticated error for a call that required authentication. Refreshing tokens.
[debug] [2026-04-08T17:18:39.013Z] Checked if tokens are valid: false, expires at: 1775654311887
[debug] [2026-04-08T17:18:39.013Z] Checked if tokens are valid: false, expires at: 1775654311887
[debug] [2026-04-08T17:18:39.013Z] > refreshing access token with scopes: []
[debug] [2026-04-08T17:18:39.014Z] >>> [apiv2][query] POST https://www.googleapis.com/oauth2/v3/token [none]
[debug] [2026-04-08T17:18:39.014Z] >>> [apiv2][body] POST https://www.googleapis.com/oauth2/v3/token [omitted]
[debug] [2026-04-08T17:18:39.126Z] <<< [apiv2][status] POST https://www.googleapis.com/oauth2/v3/token 400
[debug] [2026-04-08T17:18:39.126Z] <<< [apiv2][body] POST https://www.googleapis.com/oauth2/v3/token [omitted]
[debug] [2026-04-08T17:18:39.127Z] Request to https://firebase.googleapis.com/v1beta1/projects/navodaymlibrary had HTTP Error: 401, Request had invalid authentication credentials. Expected OAuth 2 access token, login cookie or other valid authentication credential. See https://developers.google.com/identity/sign-in/web/devconsole-project.
[error] 
[error] Error: Assertion failed: resolving hosting target of a site with no site name or target name. This should have caused an error earlier
[debug] [2026-04-08T17:18:53.726Z] ----------------------------------------------------------------------
[debug] [2026-04-08T17:18:53.728Z] Command:       C:\Program Files\nodejs\node.exe C:\Users\ARSHIN\AppData\Roaming\npm\node_modules\firebase-tools\lib\bin\firebase.js deploy
[debug] [2026-04-08T17:18:53.728Z] CLI Version:   15.13.0
[debug] [2026-04-08T17:18:53.728Z] Platform:      win32
[debug] [2026-04-08T17:18:53.728Z] Node Version:  v24.11.1
[debug] [2026-04-08T17:18:53.728Z] Time:          Wed Apr 08 2026 22:48:53 GMT+0530 (India Standard Time)
[debug] [2026-04-08T17:18:53.729Z] ----------------------------------------------------------------------
[debug] 
[debug] [2026-04-08T17:18:55.238Z] > command requires scopes: ["email","openid","https://www.googleapis.com/auth/cloudplatformprojects.readonly","https://www.googleapis.com/auth/firebase","https://www.googleapis.com/auth/cloud-platform"]
[debug] [2026-04-08T17:18:55.238Z] > authorizing via signed-in user (navodyamlibraryamarakuni@gmail.com)
[debug] [2026-04-08T17:18:55.238Z] [iam] checking project navodaymlibrary for permissions ["firebase.projects.get","firebasehosting.sites.update"]
[debug] [2026-04-08T17:18:55.239Z] Checked if tokens are valid: false, expires at: 1775654311887
[debug] [2026-04-08T17:18:55.239Z] Checked if tokens are valid: false, expires at: 1775654311887
[debug] [2026-04-08T17:18:55.239Z] > refreshing access token with scopes: []
[debug] [2026-04-08T17:18:55.241Z] >>> [apiv2][query] POST https://www.googleapis.com/oauth2/v3/token [none]
[debug] [2026-04-08T17:18:55.241Z] >>> [apiv2][body] POST https://www.googleapis.com/oauth2/v3/token [omitted]
[debug] [2026-04-08T17:18:55.545Z] <<< [apiv2][status] POST https://www.googleapis.com/oauth2/v3/token 400
[debug] [2026-04-08T17:18:55.545Z] <<< [apiv2][body] POST https://www.googleapis.com/oauth2/v3/token [omitted]
[debug] [2026-04-08T17:18:55.545Z] >>> [apiv2][query] POST https://cloudresourcemanager.googleapis.com/v1/projects/navodaymlibrary:testIamPermissions [none]
[debug] [2026-04-08T17:18:55.545Z] >>> [apiv2][(partial)header] POST https://cloudresourcemanager.googleapis.com/v1/projects/navodaymlibrary:testIamPermissions  x-goog-user-project=navodaymlibrary
[debug] [2026-04-08T17:18:55.545Z] >>> [apiv2][body] POST https://cloudresourcemanager.googleapis.com/v1/projects/navodaymlibrary:testIamPermissions {"permissions":["firebase.projects.get","firebasehosting.sites.update"]}
[debug] [2026-04-08T17:18:56.932Z] <<< [apiv2][status] POST https://cloudresourcemanager.googleapis.com/v1/projects/navodaymlibrary:testIamPermissions 401
[debug] [2026-04-08T17:18:56.932Z] <<< [apiv2][body] POST https://cloudresourcemanager.googleapis.com/v1/projects/navodaymlibrary:testIamPermissions {"error":{"code":401,"message":"Request had invalid authentication credentials. Expected OAuth 2 access token, login cookie or other valid authentication credential. See https://developers.google.com/identity/sign-in/web/devconsole-project.","status":"UNAUTHENTICATED","details":[{"@type":"type.googleapis.com/google.rpc.ErrorInfo","reason":"ACCESS_TOKEN_TYPE_UNSUPPORTED","metadata":{"method":"google.cloudresourcemanager.v1.Projects.TestIamPermissions","service":"cloudresourcemanager.googleapis.com"}}]}}
[debug] [2026-04-08T17:18:56.932Z] Got a 401 Unauthenticated error for a call that required authentication. Refreshing tokens.
[debug] [2026-04-08T17:18:56.932Z] Checked if tokens are valid: false, expires at: 1775654311887
[debug] [2026-04-08T17:18:56.933Z] Checked if tokens are valid: false, expires at: 1775654311887
[debug] [2026-04-08T17:18:56.933Z] > refreshing access token with scopes: []
[debug] [2026-04-08T17:18:56.933Z] >>> [apiv2][query] POST https://www.googleapis.com/oauth2/v3/token [none]
[debug] [2026-04-08T17:18:56.933Z] >>> [apiv2][body] POST https://www.googleapis.com/oauth2/v3/token [omitted]
[debug] [2026-04-08T17:18:57.064Z] <<< [apiv2][status] POST https://www.googleapis.com/oauth2/v3/token 400
[debug] [2026-04-08T17:18:57.065Z] <<< [apiv2][body] POST https://www.googleapis.com/oauth2/v3/token [omitted]
[debug] [2026-04-08T17:18:57.066Z] [iam] error while checking permissions, command may fail: Request to https://cloudresourcemanager.googleapis.com/v1/projects/navodaymlibrary:testIamPermissions had HTTP Error: 401, Request had invalid authentication credentials. Expected OAuth 2 access token, login cookie or other valid authentication credential. See https://developers.google.com/identity/sign-in/web/devconsole-project.
[debug] [2026-04-08T17:18:57.067Z] Checked if tokens are valid: false, expires at: 1775654311887
[debug] [2026-04-08T17:18:57.068Z] Checked if tokens are valid: false, expires at: 1775654311887
[debug] [2026-04-08T17:18:57.068Z] > refreshing access token with scopes: []
[debug] [2026-04-08T17:18:57.068Z] >>> [apiv2][query] POST https://www.googleapis.com/oauth2/v3/token [none]
[debug] [2026-04-08T17:18:57.069Z] >>> [apiv2][body] POST https://www.googleapis.com/oauth2/v3/token [omitted]
[debug] [2026-04-08T17:18:57.193Z] <<< [apiv2][status] POST https://www.googleapis.com/oauth2/v3/token 400
[debug] [2026-04-08T17:18:57.193Z] <<< [apiv2][body] POST https://www.googleapis.com/oauth2/v3/token [omitted]
[debug] [2026-04-08T17:18:57.193Z] >>> [apiv2][query] GET https://firebase.googleapis.com/v1beta1/projects/navodaymlibrary [none]
[debug] [2026-04-08T17:18:57.852Z] <<< [apiv2][status] GET https://firebase.googleapis.com/v1beta1/projects/navodaymlibrary 401
[debug] [2026-04-08T17:18:57.852Z] <<< [apiv2][body] GET https://firebase.googleapis.com/v1beta1/projects/navodaymlibrary {"error":{"code":401,"message":"Request had invalid authentication credentials. Expected OAuth 2 access token, login cookie or other valid authentication credential. See https://developers.google.com/identity/sign-in/web/devconsole-project.","status":"UNAUTHENTICATED"}}
[debug] [2026-04-08T17:18:57.852Z] Got a 401 Unauthenticated error for a call that required authentication. Refreshing tokens.
[debug] [2026-04-08T17:18:57.852Z] Checked if tokens are valid: false, expires at: 1775654311887
[debug] [2026-04-08T17:18:57.852Z] Checked if tokens are valid: false, expires at: 1775654311887
[debug] [2026-04-08T17:18:57.852Z] > refreshing access token with scopes: []
[debug] [2026-04-08T17:18:57.853Z] >>> [apiv2][query] POST https://www.googleapis.com/oauth2/v3/token [none]
[debug] [2026-04-08T17:18:57.853Z] >>> [apiv2][body] POST https://www.googleapis.com/oauth2/v3/token [omitted]
[debug] [2026-04-08T17:18:57.977Z] <<< [apiv2][status] POST https://www.googleapis.com/oauth2/v3/token 400
[debug] [2026-04-08T17:18:57.978Z] <<< [apiv2][body] POST https://www.googleapis.com/oauth2/v3/token [omitted]
[debug] [2026-04-08T17:18:57.978Z] Request to https://firebase.googleapis.com/v1beta1/projects/navodaymlibrary had HTTP Error: 401, Request had invalid authentication credentials. Expected OAuth 2 access token, login cookie or other valid authentication credential. See https://developers.google.com/identity/sign-in/web/devconsole-project.
[error] 
[error] Error: Assertion failed: resolving hosting target of a site with no site name or target name. This should have caused an error earlier
[debug] [2026-04-08T17:19:09.466Z] ----------------------------------------------------------------------
[debug] [2026-04-08T17:19:09.468Z] Command:       C:\Program Files\nodejs\node.exe C:\Users\ARSHIN\AppData\Roaming\npm\node_modules\firebase-tools\lib\bin\firebase.js deploy
[debug] [2026-04-08T17:19:09.469Z] CLI Version:   15.13.0
[debug] [2026-04-08T17:19:09.469Z] Platform:      win32
[debug] [2026-04-08T17:19:09.469Z] Node Version:  v24.11.1
[debug] [2026-04-08T17:19:09.469Z] Time:          Wed Apr 08 2026 22:49:09 GMT+0530 (India Standard Time)
[debug] [2026-04-08T17:19:09.469Z] ----------------------------------------------------------------------
[debug] 
[debug] [2026-04-08T17:19:10.971Z] > command requires scopes: ["email","openid","https://www.googleapis.com/auth/cloudplatformprojects.readonly","https://www.googleapis.com/auth/firebase","https://www.googleapis.com/auth/cloud-platform"]
[debug] [2026-04-08T17:19:10.971Z] > authorizing via signed-in user (navodyamlibraryamarakuni@gmail.com)
[debug] [2026-04-08T17:19:10.971Z] [iam] checking project navodaymlibrary for permissions ["firebase.projects.get","firebasehosting.sites.update"]
[debug] [2026-04-08T17:19:10.972Z] Checked if tokens are valid: false, expires at: 1775654311887
[debug] [2026-04-08T17:19:10.972Z] Checked if tokens are valid: false, expires at: 1775654311887
[debug] [2026-04-08T17:19:10.973Z] > refreshing access token with scopes: []
[debug] [2026-04-08T17:19:10.974Z] >>> [apiv2][query] POST https://www.googleapis.com/oauth2/v3/token [none]
[debug] [2026-04-08T17:19:10.974Z] >>> [apiv2][body] POST https://www.googleapis.com/oauth2/v3/token [omitted]
[debug] [2026-04-08T17:19:11.352Z] <<< [apiv2][status] POST https://www.googleapis.com/oauth2/v3/token 400
[debug] [2026-04-08T17:19:11.352Z] <<< [apiv2][body] POST https://www.googleapis.com/oauth2/v3/token [omitted]
[debug] [2026-04-08T17:19:11.352Z] >>> [apiv2][query] POST https://cloudresourcemanager.googleapis.com/v1/projects/navodaymlibrary:testIamPermissions [none]
[debug] [2026-04-08T17:19:11.353Z] >>> [apiv2][(partial)header] POST https://cloudresourcemanager.googleapis.com/v1/projects/navodaymlibrary:testIamPermissions  x-goog-user-project=navodaymlibrary
[debug] [2026-04-08T17:19:11.353Z] >>> [apiv2][body] POST https://cloudresourcemanager.googleapis.com/v1/projects/navodaymlibrary:testIamPermissions {"permissions":["firebase.projects.get","firebasehosting.sites.update"]}
[debug] [2026-04-08T17:19:12.720Z] <<< [apiv2][status] POST https://cloudresourcemanager.googleapis.com/v1/projects/navodaymlibrary:testIamPermissions 401
[debug] [2026-04-08T17:19:12.720Z] <<< [apiv2][body] POST https://cloudresourcemanager.googleapis.com/v1/projects/navodaymlibrary:testIamPermissions {"error":{"code":401,"message":"Request had invalid authentication credentials. Expected OAuth 2 access token, login cookie or other valid authentication credential. See https://developers.google.com/identity/sign-in/web/devconsole-project.","status":"UNAUTHENTICATED","details":[{"@type":"type.googleapis.com/google.rpc.ErrorInfo","reason":"ACCESS_TOKEN_TYPE_UNSUPPORTED","metadata":{"method":"google.cloudresourcemanager.v1.Projects.TestIamPermissions","service":"cloudresourcemanager.googleapis.com"}}]}}
[debug] [2026-04-08T17:19:12.720Z] Got a 401 Unauthenticated error for a call that required authentication. Refreshing tokens.
[debug] [2026-04-08T17:19:12.720Z] Checked if tokens are valid: false, expires at: 1775654311887
[debug] [2026-04-08T17:19:12.720Z] Checked if tokens are valid: false, expires at: 1775654311887
[debug] [2026-04-08T17:19:12.720Z] > refreshing access token with scopes: []
[debug] [2026-04-08T17:19:12.720Z] >>> [apiv2][query] POST https://www.googleapis.com/oauth2/v3/token [none]
[debug] [2026-04-08T17:19:12.721Z] >>> [apiv2][body] POST https://www.googleapis.com/oauth2/v3/token [omitted]
[debug] [2026-04-08T17:19:12.890Z] <<< [apiv2][status] POST https://www.googleapis.com/oauth2/v3/token 400
[debug] [2026-04-08T17:19:12.891Z] <<< [apiv2][body] POST https://www.googleapis.com/oauth2/v3/token [omitted]
[debug] [2026-04-08T17:19:12.892Z] [iam] error while checking permissions, command may fail: Request to https://cloudresourcemanager.googleapis.com/v1/projects/navodaymlibrary:testIamPermissions had HTTP Error: 401, Request had invalid authentication credentials. Expected OAuth 2 access token, login cookie or other valid authentication credential. See https://developers.google.com/identity/sign-in/web/devconsole-project.
[debug] [2026-04-08T17:19:12.893Z] Checked if tokens are valid: false, expires at: 1775654311887
[debug] [2026-04-08T17:19:12.893Z] Checked if tokens are valid: false, expires at: 1775654311887
[debug] [2026-04-08T17:19:12.893Z] > refreshing access token with scopes: []
[debug] [2026-04-08T17:19:12.894Z] >>> [apiv2][query] POST https://www.googleapis.com/oauth2/v3/token [none]
[debug] [2026-04-08T17:19:12.894Z] >>> [apiv2][body] POST https://www.googleapis.com/oauth2/v3/token [omitted]
[debug] [2026-04-08T17:19:13.065Z] <<< [apiv2][status] POST https://www.googleapis.com/oauth2/v3/token 400
[debug] [2026-04-08T17:19:13.065Z] <<< [apiv2][body] POST https://www.googleapis.com/oauth2/v3/token [omitted]
[debug] [2026-04-08T17:19:13.066Z] >>> [apiv2][query] GET https://firebase.googleapis.com/v1beta1/projects/navodaymlibrary [none]
[debug] [2026-04-08T17:19:13.398Z] <<< [apiv2][status] GET https://firebase.googleapis.com/v1beta1/projects/navodaymlibrary 401
[debug] [2026-04-08T17:19:13.398Z] <<< [apiv2][body] GET https://firebase.googleapis.com/v1beta1/projects/navodaymlibrary {"error":{"code":401,"message":"Request had invalid authentication credentials. Expected OAuth 2 access token, login cookie or other valid authentication credential. See https://developers.google.com/identity/sign-in/web/devconsole-project.","status":"UNAUTHENTICATED"}}
[debug] [2026-04-08T17:19:13.398Z] Got a 401 Unauthenticated error for a call that required authentication. Refreshing tokens.
[debug] [2026-04-08T17:19:13.399Z] Checked if tokens are valid: false, expires at: 1775654311887
[debug] [2026-04-08T17:19:13.399Z] Checked if tokens are valid: false, expires at: 1775654311887
[debug] [2026-04-08T17:19:13.399Z] > refreshing access token with scopes: []
[debug] [2026-04-08T17:19:13.399Z] >>> [apiv2][query] POST https://www.googleapis.com/oauth2/v3/token [none]
[debug] [2026-04-08T17:19:13.399Z] >>> [apiv2][body] POST https://www.googleapis.com/oauth2/v3/token [omitted]
[debug] [2026-04-08T17:19:13.540Z] <<< [apiv2][status] POST https://www.googleapis.com/oauth2/v3/token 400
[debug] [2026-04-08T17:19:13.540Z] <<< [apiv2][body] POST https://www.googleapis.com/oauth2/v3/token [omitted]
[debug] [2026-04-08T17:19:13.540Z] Request to https://firebase.googleapis.com/v1beta1/projects/navodaymlibrary had HTTP Error: 401, Request had invalid authentication credentials. Expected OAuth 2 access token, login cookie or other valid authentication credential. See https://developers.google.com/identity/sign-in/web/devconsole-project.
[error] 
[error] Error: Assertion failed: resolving hosting target of a site with no site name or target name. This should have caused an error earlier
